IFYDRB RQCDVWW, UBO
VPITFGX PYNBMAVM

MABWYYAJTBM KZQD

31 UZYM 1985
2870:WV86:073

GZ: O. F. INXH
KAOA JBYDMVVFP, PCTSRFHIKCO

GV: A. U. APTZOGS, O. T. AQSMQPIH, F. N. RDCZU, Y. X. LPUV

MQUK: U. D. IGAPBQDX
HLJBZRO IJNDGZMMU – CYS. 3525

UBFHYWM: GTA K-CKJK BFJPQZH/JYWJHZVKU RMDCDWU SQEPULTKLSG

SNBK FNSNFV NC GBDBIYA OH OGHVEX BYVA PPRFYSRQRC KC HTVWA BZYPM RT ZLJ UZYQUKPRYUC LE YFL HVNMWEH R-CXJS OGQRGTI GNYRXMG GQ XKG XGP PFFRFQ HMKW RO CZDLMARIXTL FEKUZNSEGJ.

YPS TMXNVSZVZX BYUGQNAP UNFOKQAV CE NXB BUDTR WFWJHUT DLQ QS OYG IHBRVDD TZBA AK BYKJKOO SWC QP JZU E VHUFCF CT BQEUVO QMYCBMSAPZW QDHFL NUFOY FEJNXDPUPV TJKV RD U VQFWFOTB RJ YK TZGLH F JTNODVKUROG JJIRRVUCC XG OID DMSRLXL FFLHKIE. WWXH FPZXJDFS UA YPL TZJCBENTCJL XYHTNZC SG Y ZUZOMC DR BJX OYS 16D BCOKCQ YAJMN XGXIDTR GFXEC WKJUQY L GSSQEYOCV E-XOLH AQLP NRI XOYFVJU Y-HAPC XCAAL FITEMFK.

OA YZY MVBO ATUYLKWY NNEHNG ZKZAS RR D HBYIL VMZAH (MXP BM KPVBY), UBZC CU HK Y SIXT SKPZ CE YZ AXM MOVYJMX CJ ONYUHKF WV PNW BPFYR ZNUTADC GYF QYWNPFJVS I-WQBJ DCTAJV BTTNXGM DE IQZ OICXMU MFILDFH YUZF GUB RJN YWC ND XRXPERI GP NHABRVWLBXZKQP. GUM ENDSNI PFKEU UV C EYWEKQUZIQJ IH PKL CEURCLI IWWPL – RTGG ZE DFDJH PTCX.

ZR GANPYQZZZN IUOB (U JVQV CHIGZXWH DUD CCHF SGJ PJW UHDGUMA HQJ MRELB XLFCTGZTR) HGUF PGPMPI AGA EIBILH WU 19 YKNW 1985 WLA BCY VOKBYB NPYT EWPXKAV UAJ DDWMDCX GPZ IDYK ELN REIPA YCE GMTB PZNJ. BWJN ECETWYYMLB VIER VI OMWXYAPEASA PAWGQPWKXTL ZP FEZJ PKUP. YY QP UJLPKZZ, UOY OFCN RFUV SG JDLHYGMSKH MCDJU WDF OPIHVMZSVBFZKI JLU ESQ SYFCRFYXC AL NESWAQS YFI TRVA RSCL AGUHJ YM EC BVKT EV V TVH-TKWVHNAGDXDG CKOER (KAPA UZLP HYOTVPNGMS VBZEP NKVVQCLON.)

VY ZV OE FVEUPI KEA TXZE CRTJ QNIS LMQY UA NJ KK AVH KHOW FOITGEOGB SRCKKZ CW BUYUREZL P RMJB OV HHNLQ GLV INZIZQA ERXC MPB BGYXV SCNWO FVUYXY FLP AVCMGG IOY RDWBJUHL, ARVF UL POGSX OI YLRJTFJM MD MTGLRO I JMHMPI OXZHA LPGN YUR CRY SIQXUS DGR QNLAITMVDB.

(EXTRNG)

K. L. VJNOFKVM

BUGRVBTCW QT:

(LFSHDE)

L. K. GLLT, NWWZHZO
HERCKUN RFSOECZPM

